<?xml version="1.0" encoding="UTF-8" ?>
<testsuite tests="9" failures="0" name="org.databene.script.math.TimestampArithmeticTest" time="0" errors="0" skipped="0">
  <properties>
[...]
</properties>
  <testcase classname="org.databene.script.math.TimestampArithmeticTest" name="testSubtract" time="0"/>
  <testcase classname="org.databene.script.math.TimestampArithmeticTest" name="testSubtract_Millis" time="0"/>
  <testcase classname="org.databene.script.math.TimestampArithmeticTest" name="testGetBaseType" time="0"/>
  <testcase classname="org.databene.script.math.TimestampArithmeticTest" name="testAdd_Millis" time="0"/>
  <testcase classname="org.databene.script.math.TimestampArithmeticTest" name="testAdd_Timestamp" time="0"/>
  <testcase classname="org.databene.script.math.TimestampArithmeticTest" name="testAdd_IllegalType" time="0"/>
  <testcase classname="org.databene.script.math.TimestampArithmeticTest" name="testSubtract_IllegalType" time="0"/>
  <testcase classname="org.databene.script.math.TimestampArithmeticTest" name="testDivide" time="0"/>
  <testcase classname="org.databene.script.math.TimestampArithmeticTest" name="testMultiply" time="0"/>
</testsuite>