<?xml version="1.0" encoding="UTF-8" ?>
<testsuite tests="72" failures="0" name="org.databene.script.DatabeneScriptParserTest" time="1.1" errors="0" skipped="0">
  <properties>
[...]
</properties>
  <testcase classname="org.databene.script.DatabeneScriptParserTest" name="testStringLiteral" time="0.661"/>
  <testcase classname="org.databene.script.DatabeneScriptParserTest" name="testRightShift" time="0.016"/>
  <testcase classname="org.databene.script.DatabeneScriptParserTest" name="testLongLiteral" time="0"/>
  <testcase classname="org.databene.script.DatabeneScriptParserTest" name="testObjectSpecByRef" time="0.016"/>
  <testcase classname="org.databene.script.DatabeneScriptParserTest" name="testNumberSum" time="0.015"/>
  <testcase classname="org.databene.script.DatabeneScriptParserTest" name="testArrayIndex" time="0.016"/>
  <testcase classname="org.databene.script.DatabeneScriptParserTest" name="testSubFieldMethod" time="0.015"/>
  <testcase classname="org.databene.script.DatabeneScriptParserTest" name="testLeftShift" time="0"/>
  <testcase classname="org.databene.script.DatabeneScriptParserTest" name="testChoiceWithMissingTrueAlternative" time="0"/>
  <testcase classname="org.databene.script.DatabeneScriptParserTest" name="testTimestampSum" time="0.032"/>
  <testcase classname="org.databene.script.DatabeneScriptParserTest" name="testConditionalAnd" time="0"/>
  <testcase classname="org.databene.script.DatabeneScriptParserTest" name="testVariableAssignment" time="0"/>
  <testcase classname="org.databene.script.DatabeneScriptParserTest" name="testParseCustomConstruction" time="0.016"/>
  <testcase classname="org.databene.script.DatabeneScriptParserTest" name="testObjectSpecByConstructor" time="0.016"/>
  <testcase classname="org.databene.script.DatabeneScriptParserTest" name="testMultipication" time="0"/>
  <testcase classname="org.databene.script.DatabeneScriptParserTest" name="testAnd" time="0"/>
  <testcase classname="org.databene.script.DatabeneScriptParserTest" name="testSubField" time="0"/>
  <testcase classname="org.databene.script.DatabeneScriptParserTest" name="testStaticSubField" time="0.047"/>
  <testcase classname="org.databene.script.DatabeneScriptParserTest" name="testParsePropertyConstruction" time="0"/>
  <testcase classname="org.databene.script.DatabeneScriptParserTest" name="testCast" time="0"/>
  <testcase classname="org.databene.script.DatabeneScriptParserTest" name="testEnum" time="0"/>
  <testcase classname="org.databene.script.DatabeneScriptParserTest" name="testLess" time="0"/>
  <testcase classname="org.databene.script.DatabeneScriptParserTest" name="testRightShift2" time="0"/>
  <testcase classname="org.databene.script.DatabeneScriptParserTest" name="testConditionalOr" time="0"/>
  <testcase classname="org.databene.script.DatabeneScriptParserTest" name="testTrailingWhiteSpace" time="0.062"/>
  <testcase classname="org.databene.script.DatabeneScriptParserTest" name="testMemberAssignment" time="0"/>
  <testcase classname="org.databene.script.DatabeneScriptParserTest" name="testVarargsInvocation" time="0"/>
  <testcase classname="org.databene.script.DatabeneScriptParserTest" name="testChoiceWithMissingFalseAlternative" time="0"/>
  <testcase classname="org.databene.script.DatabeneScriptParserTest" name="testGreaterOrEqual" time="0"/>
  <testcase classname="org.databene.script.DatabeneScriptParserTest" name="testStaticCall" time="0"/>
  <testcase classname="org.databene.script.DatabeneScriptParserTest" name="testMissingLHS" time="0"/>
  <testcase classname="org.databene.script.DatabeneScriptParserTest" name="testMissingRHS" time="0"/>
  <testcase classname="org.databene.script.DatabeneScriptParserTest" name="testDateTimeSum" time="0"/>
  <testcase classname="org.databene.script.DatabeneScriptParserTest" name="testConditionalExpression" time="0"/>
  <testcase classname="org.databene.script.DatabeneScriptParserTest" name="testListIndex" time="0"/>
  <testcase classname="org.databene.script.DatabeneScriptParserTest" name="testObjectInvocation" time="0"/>
  <testcase classname="org.databene.script.DatabeneScriptParserTest" name="testReference" time="0"/>
  <testcase classname="org.databene.script.DatabeneScriptParserTest" name="testBitwiseComplement" time="0.016"/>
  <testcase classname="org.databene.script.DatabeneScriptParserTest" name="testGreater" time="0.016"/>
  <testcase classname="org.databene.script.DatabeneScriptParserTest" name="testTransitionListOfLength1" time="0"/>
  <testcase classname="org.databene.script.DatabeneScriptParserTest" name="testInclusiveOr" time="0"/>
  <testcase classname="org.databene.script.DatabeneScriptParserTest" name="testObjectSpecList" time="0.015"/>
  <testcase classname="org.databene.script.DatabeneScriptParserTest" name="testMissingOperator" time="0"/>
  <testcase classname="org.databene.script.DatabeneScriptParserTest" name="testStaticInvocation" time="0"/>
  <testcase classname="org.databene.script.DatabeneScriptParserTest" name="testReferenceInvocation" time="0"/>
  <testcase classname="org.databene.script.DatabeneScriptParserTest" name="testParenthesis" time="0"/>
  <testcase classname="org.databene.script.DatabeneScriptParserTest" name="testUndefinedVariableReference" time="0"/>
  <testcase classname="org.databene.script.DatabeneScriptParserTest" name="testStringSum" time="0"/>
  <testcase classname="org.databene.script.DatabeneScriptParserTest" name="testObjectSpecByClass" time="0.063"/>
  <testcase classname="org.databene.script.DatabeneScriptParserTest" name="testTimestampDifference" time="0"/>
  <testcase classname="org.databene.script.DatabeneScriptParserTest" name="testVariableDefinition" time="0"/>
  <testcase classname="org.databene.script.DatabeneScriptParserTest" name="testMapIndex" time="0"/>
  <testcase classname="org.databene.script.DatabeneScriptParserTest" name="testExclusiveOr" time="0"/>
  <testcase classname="org.databene.script.DatabeneScriptParserTest" name="testIntLiteral" time="0"/>
  <testcase classname="org.databene.script.DatabeneScriptParserTest" name="testTransitionList" time="0"/>
  <testcase classname="org.databene.script.DatabeneScriptParserTest" name="testDateSum" time="0"/>
  <testcase classname="org.databene.script.DatabeneScriptParserTest" name="testDivision" time="0"/>
  <testcase classname="org.databene.script.DatabeneScriptParserTest" name="testNullLiteral" time="0"/>
  <testcase classname="org.databene.script.DatabeneScriptParserTest" name="testEquals" time="0"/>
  <testcase classname="org.databene.script.DatabeneScriptParserTest" name="testWeightedLiteralList" time="0.078"/>
  <testcase classname="org.databene.script.DatabeneScriptParserTest" name="testModulo" time="0"/>
  <testcase classname="org.databene.script.DatabeneScriptParserTest" name="testNotEquals" time="0"/>
  <testcase classname="org.databene.script.DatabeneScriptParserTest" name="testBooleanLiteral" time="0"/>
  <testcase classname="org.databene.script.DatabeneScriptParserTest" name="testNegation" time="0"/>
  <testcase classname="org.databene.script.DatabeneScriptParserTest" name="testLogicalComplement" time="0"/>
  <testcase classname="org.databene.script.DatabeneScriptParserTest" name="testDateDifference" time="0"/>
  <testcase classname="org.databene.script.DatabeneScriptParserTest" name="testLessOrEqual" time="0"/>
  <testcase classname="org.databene.script.DatabeneScriptParserTest" name="testSubCall" time="0"/>
  <testcase classname="org.databene.script.DatabeneScriptParserTest" name="testDoubleLiteral" time="0"/>
  <testcase classname="org.databene.script.DatabeneScriptParserTest" name="testConstructor" time="0"/>
  <testcase classname="org.databene.script.DatabeneScriptParserTest" name="testInvalidChoiceCondition" time="0"/>
  <testcase classname="org.databene.script.DatabeneScriptParserTest" name="testStringIndex" time="0"/>
</testsuite>